<?xml version="1.0" encoding="UTF-8"?>
<!-- Generated by org.testng.reporters.JUnitXMLReporter -->
<testsuite hostname="Admin-PC" ignored="0" name="Default test" tests="6" failures="0" timestamp="21 九月 2017 04:40:59 GMT" time="4.942" errors="0">
  <testcase name="testMyAudit" time="1.146" classname="com.billjc.controller.ProjectAuditControllerTest"/>
  <testcase name="testQueryByProject" time="0.226" classname="com.billjc.controller.ProjectAuditControllerTest"/>
  <testcase name="testAudit" time="0.08" classname="com.billjc.controller.ProjectAuditControllerTest"/>
  <testcase name="testProjectAuditAddUpdateDelete" time="0.246" classname="com.billjc.controller.ProjectAuditControllerTest"/>
  <testcase name="testQueryByAuditItem" time="0.03" classname="com.billjc.controller.ProjectAuditControllerTest"/>
  <testcase name="testAuditList" time="0.062" classname="com.billjc.controller.ProjectAuditControllerTest"/>
</testsuite> <!-- Default test -->
