<?xml version="1.0" encoding="UTF-8"?>
<!-- Generated by org.testng.reporters.JUnitXMLReporter -->
<testsuite hostname="Admin-PC" ignored="7" name="Default test" tests="1" failures="0" timestamp="20 九月 2017 09:36:10 GMT" time="2.68" errors="0">
  <testcase name="testQueryByAuditItem" time="0.841" classname="com.billjc.controller.ProjectAuditControllerTest"/>
  <testcase name="testMyAudit" time="0.0" classname="com.billjc.controller.ProjectAuditControllerTest">
    <ignored/>
  </testcase> <!-- testMyAudit -->
  <testcase name="testAudit" time="0.0" classname="com.billjc.controller.ProjectAuditControllerTest">
    <ignored/>
  </testcase> <!-- testAudit -->
  <testcase name="testQueryByProject" time="0.0" classname="com.billjc.controller.ProjectAuditControllerTest">
    <ignored/>
  </testcase> <!-- testQueryByProject -->
  <testcase name="testProjectAuditDelete" time="0.0" classname="com.billjc.controller.ProjectAuditControllerTest">
    <ignored/>
  </testcase> <!-- testProjectAuditDelete -->
  <testcase name="testAuditList" time="0.0" classname="com.billjc.controller.ProjectAuditControllerTest">
    <ignored/>
  </testcase> <!-- testAuditList -->
  <testcase name="testProjectAuditSave" time="0.0" classname="com.billjc.controller.ProjectAuditControllerTest">
    <ignored/>
  </testcase> <!-- testProjectAuditSave -->
  <testcase name="testProjectAuditUpdate" time="0.0" classname="com.billjc.controller.ProjectAuditControllerTest">
    <ignored/>
  </testcase> <!-- testProjectAuditUpdate -->
</testsuite> <!-- Default test -->
