<?xml version="1.0" encoding="UTF-8"?>
<testng-results skipped="0" failed="0" ignored="0" total="6" passed="6">
  <reporter-output>
  </reporter-output>
  <suite name="Default suite" duration-ms="4942" started-at="2017-09-21T04:40:54Z" finished-at="2017-09-21T04:40:59Z">
    <groups>
    </groups>
    <test name="Default test" duration-ms="4942" started-at="2017-09-21T04:40:54Z" finished-at="2017-09-21T04:40:59Z">
      <class name="com.billjc.controller.ProjectAuditControllerTest">
        <test-method status="PASS" signature="springTestContextBeforeTestClass()[pri:0, instance:com.billjc.controller.ProjectAuditControllerTest@58a7dc4]" name="springTestContextBeforeTestClass" is-config="true" duration-ms="19" started-at="2017-09-21T12:40:55Z" finished-at="2017-09-21T12:40:55Z">
          <reporter-output>
          </reporter-output>
        </test-method> <!-- springTestContextBeforeTestClass -->
        <test-method status="PASS" signature="springTestContextPrepareTestInstance()[pri:0, instance:com.billjc.controller.ProjectAuditControllerTest@58a7dc4]" name="springTestContextPrepareTestInstance" is-config="true" duration-ms="3003" started-at="2017-09-21T12:40:55Z" depends-on-methods="org.springframework.test.context.testng.AbstractTestNGSpringContextTests.springTestContextBeforeTestClass" finished-at="2017-09-21T12:40:58Z">
          <reporter-output>
          </reporter-output>
        </test-method> <!-- springTestContextPrepareTestInstance -->
        <test-method status="PASS" signature="setup()[pri:0, instance:com.billjc.controller.ProjectAuditControllerTest@58a7dc4]" name="setup" is-config="true" duration-ms="88" started-at="2017-09-21T12:40:58Z" finished-at="2017-09-21T12:40:58Z">
          <reporter-output>
          </reporter-output>
        </test-method> <!-- setup -->
        <test-method status="PASS" signature="springTestContextBeforeTestMethod(java.lang.reflect.Method)[pri:0, instance:com.billjc.controller.ProjectAuditControllerTest@58a7dc4]" name="springTestContextBeforeTestMethod" is-config="true" duration-ms="2" started-at="2017-09-21T12:40:58Z" finished-at="2017-09-21T12:40:58Z">
          <params>
            <param index="0">
              <value>
                <![CDATA[public void com.billjc.controller.ProjectAuditControllerTest.testMyAudit() throws java.lang.Exception]]>
              </value>
            </param>
          </params>
          <reporter-output>
          </reporter-output>
        </test-method> <!-- springTestContextBeforeTestMethod -->
        <test-method status="PASS" signature="testMyAudit()[pri:11, instance:com.billjc.controller.ProjectAuditControllerTest@58a7dc4]" name="testMyAudit" duration-ms="1146" started-at="2017-09-21T12:40:58Z" finished-at="2017-09-21T12:40:59Z">
          <reporter-output>
          </reporter-output>
        </test-method> <!-- testMyAudit -->
        <test-method status="PASS" signature="springTestContextAfterTestMethod(java.lang.reflect.Method)[pri:0, instance:com.billjc.controller.ProjectAuditControllerTest@58a7dc4]" name="springTestContextAfterTestMethod" is-config="true" duration-ms="1" started-at="2017-09-21T12:40:59Z" finished-at="2017-09-21T12:40:59Z">
          <params>
            <param index="0">
              <value>
                <![CDATA[public void com.billjc.controller.ProjectAuditControllerTest.testMyAudit() throws java.lang.Exception]]>
              </value>
            </param>
          </params>
          <reporter-output>
          </reporter-output>
        </test-method> <!-- springTestContextAfterTestMethod -->
        <test-method status="PASS" signature="testQueryByProject()[pri:11, instance:com.billjc.controller.ProjectAuditControllerTest@58a7dc4]" name="testQueryByProject" duration-ms="226" started-at="2017-09-21T12:40:59Z" finished-at="2017-09-21T12:40:59Z">
          <reporter-output>
          </reporter-output>
        </test-method> <!-- testQueryByProject -->
        <test-method status="PASS" signature="springTestContextBeforeTestMethod(java.lang.reflect.Method)[pri:0, instance:com.billjc.controller.ProjectAuditControllerTest@58a7dc4]" name="springTestContextBeforeTestMethod" is-config="true" duration-ms="0" started-at="2017-09-21T12:40:59Z" finished-at="2017-09-21T12:40:59Z">
          <params>
            <param index="0">
              <value>
                <![CDATA[public void com.billjc.controller.ProjectAuditControllerTest.testQueryByProject() throws java.lang.Exception]]>
              </value>
            </param>
          </params>
          <reporter-output>
          </reporter-output>
        </test-method> <!-- springTestContextBeforeTestMethod -->
        <test-method status="PASS" signature="springTestContextAfterTestMethod(java.lang.reflect.Method)[pri:0, instance:com.billjc.controller.ProjectAuditControllerTest@58a7dc4]" name="springTestContextAfterTestMethod" is-config="true" duration-ms="0" started-at="2017-09-21T12:40:59Z" finished-at="2017-09-21T12:40:59Z">
          <params>
            <param index="0">
              <value>
                <![CDATA[public void com.billjc.controller.ProjectAuditControllerTest.testQueryByProject() throws java.lang.Exception]]>
              </value>
            </param>
          </params>
          <reporter-output>
          </reporter-output>
        </test-method> <!-- springTestContextAfterTestMethod -->
        <test-method status="PASS" signature="springTestContextBeforeTestMethod(java.lang.reflect.Method)[pri:0, instance:com.billjc.controller.ProjectAuditControllerTest@58a7dc4]" name="springTestContextBeforeTestMethod" is-config="true" duration-ms="0" started-at="2017-09-21T12:40:59Z" finished-at="2017-09-21T12:40:59Z">
          <params>
            <param index="0">
              <value>
                <![CDATA[public void com.billjc.controller.ProjectAuditControllerTest.testAudit() throws java.lang.Exception]]>
              </value>
            </param>
          </params>
          <reporter-output>
          </reporter-output>
        </test-method> <!-- springTestContextBeforeTestMethod -->
        <test-method status="PASS" signature="testAudit()[pri:12, instance:com.billjc.controller.ProjectAuditControllerTest@58a7dc4]" name="testAudit" duration-ms="80" started-at="2017-09-21T12:40:59Z" finished-at="2017-09-21T12:40:59Z">
          <reporter-output>
          </reporter-output>
        </test-method> <!-- testAudit -->
        <test-method status="PASS" signature="springTestContextBeforeTestMethod(java.lang.reflect.Method)[pri:0, instance:com.billjc.controller.ProjectAuditControllerTest@58a7dc4]" name="springTestContextBeforeTestMethod" is-config="true" duration-ms="1" started-at="2017-09-21T12:40:59Z" finished-at="2017-09-21T12:40:59Z">
          <params>
            <param index="0">
              <value>
                <![CDATA[public void com.billjc.controller.ProjectAuditControllerTest.testProjectAuditAddUpdateDelete() throws java.lang.Exception]]>
              </value>
            </param>
          </params>
          <reporter-output>
          </reporter-output>
        </test-method> <!-- springTestContextBeforeTestMethod -->
        <test-method status="PASS" signature="springTestContextAfterTestMethod(java.lang.reflect.Method)[pri:0, instance:com.billjc.controller.ProjectAuditControllerTest@58a7dc4]" name="springTestContextAfterTestMethod" is-config="true" duration-ms="0" started-at="2017-09-21T12:40:59Z" finished-at="2017-09-21T12:40:59Z">
          <params>
            <param index="0">
              <value>
                <![CDATA[public void com.billjc.controller.ProjectAuditControllerTest.testAudit() throws java.lang.Exception]]>
              </value>
            </param>
          </params>
          <reporter-output>
          </reporter-output>
        </test-method> <!-- springTestContextAfterTestMethod -->
        <test-method status="PASS" signature="testProjectAuditAddUpdateDelete()[pri:15, instance:com.billjc.controller.ProjectAuditControllerTest@58a7dc4]" name="testProjectAuditAddUpdateDelete" duration-ms="246" started-at="2017-09-21T12:40:59Z" finished-at="2017-09-21T12:40:59Z">
          <reporter-output>
          </reporter-output>
        </test-method> <!-- testProjectAuditAddUpdateDelete -->
        <test-method status="PASS" signature="springTestContextAfterTestMethod(java.lang.reflect.Method)[pri:0, instance:com.billjc.controller.ProjectAuditControllerTest@58a7dc4]" name="springTestContextAfterTestMethod" is-config="true" duration-ms="1" started-at="2017-09-21T12:40:59Z" finished-at="2017-09-21T12:40:59Z">
          <params>
            <param index="0">
              <value>
                <![CDATA[public void com.billjc.controller.ProjectAuditControllerTest.testProjectAuditAddUpdateDelete() throws java.lang.Exception]]>
              </value>
            </param>
          </params>
          <reporter-output>
          </reporter-output>
        </test-method> <!-- springTestContextAfterTestMethod -->
        <test-method status="PASS" signature="testQueryByAuditItem()[pri:21, instance:com.billjc.controller.ProjectAuditControllerTest@58a7dc4]" name="testQueryByAuditItem" duration-ms="30" started-at="2017-09-21T12:40:59Z" finished-at="2017-09-21T12:40:59Z">
          <reporter-output>
          </reporter-output>
        </test-method> <!-- testQueryByAuditItem -->
        <test-method status="PASS" signature="springTestContextBeforeTestMethod(java.lang.reflect.Method)[pri:0, instance:com.billjc.controller.ProjectAuditControllerTest@58a7dc4]" name="springTestContextBeforeTestMethod" is-config="true" duration-ms="0" started-at="2017-09-21T12:40:59Z" finished-at="2017-09-21T12:40:59Z">
          <params>
            <param index="0">
              <value>
                <![CDATA[public void com.billjc.controller.ProjectAuditControllerTest.testQueryByAuditItem() throws java.lang.Exception]]>
              </value>
            </param>
          </params>
          <reporter-output>
          </reporter-output>
        </test-method> <!-- springTestContextBeforeTestMethod -->
        <test-method status="PASS" signature="springTestContextAfterTestMethod(java.lang.reflect.Method)[pri:0, instance:com.billjc.controller.ProjectAuditControllerTest@58a7dc4]" name="springTestContextAfterTestMethod" is-config="true" duration-ms="1" started-at="2017-09-21T12:40:59Z" finished-at="2017-09-21T12:40:59Z">
          <params>
            <param index="0">
              <value>
                <![CDATA[public void com.billjc.controller.ProjectAuditControllerTest.testQueryByAuditItem() throws java.lang.Exception]]>
              </value>
            </param>
          </params>
          <reporter-output>
          </reporter-output>
        </test-method> <!-- springTestContextAfterTestMethod -->
        <test-method status="PASS" signature="springTestContextBeforeTestMethod(java.lang.reflect.Method)[pri:0, instance:com.billjc.controller.ProjectAuditControllerTest@58a7dc4]" name="springTestContextBeforeTestMethod" is-config="true" duration-ms="0" started-at="2017-09-21T12:40:59Z" finished-at="2017-09-21T12:40:59Z">
          <params>
            <param index="0">
              <value>
                <![CDATA[public void com.billjc.controller.ProjectAuditControllerTest.testAuditList() throws java.lang.Exception]]>
              </value>
            </param>
          </params>
          <reporter-output>
          </reporter-output>
        </test-method> <!-- springTestContextBeforeTestMethod -->
        <test-method status="PASS" signature="testAuditList()[pri:22, instance:com.billjc.controller.ProjectAuditControllerTest@58a7dc4]" name="testAuditList" duration-ms="62" started-at="2017-09-21T12:40:59Z" finished-at="2017-09-21T12:40:59Z">
          <reporter-output>
          </reporter-output>
        </test-method> <!-- testAuditList -->
        <test-method status="PASS" signature="springTestContextAfterTestClass()[pri:0, instance:com.billjc.controller.ProjectAuditControllerTest@58a7dc4]" name="springTestContextAfterTestClass" is-config="true" duration-ms="0" started-at="2017-09-21T12:40:59Z" finished-at="2017-09-21T12:40:59Z">
          <reporter-output>
          </reporter-output>
        </test-method> <!-- springTestContextAfterTestClass -->
        <test-method status="PASS" signature="springTestContextAfterTestMethod(java.lang.reflect.Method)[pri:0, instance:com.billjc.controller.ProjectAuditControllerTest@58a7dc4]" name="springTestContextAfterTestMethod" is-config="true" duration-ms="0" started-at="2017-09-21T12:40:59Z" finished-at="2017-09-21T12:40:59Z">
          <params>
            <param index="0">
              <value>
                <![CDATA[public void com.billjc.controller.ProjectAuditControllerTest.testAuditList() throws java.lang.Exception]]>
              </value>
            </param>
          </params>
          <reporter-output>
          </reporter-output>
        </test-method> <!-- springTestContextAfterTestMethod -->
      </class> <!-- com.billjc.controller.ProjectAuditControllerTest -->
    </test> <!-- Default test -->
  </suite> <!-- Default suite -->
</testng-results>
